#
# A fatal error has been detected by the Java Runtime Environment:
#
#  EXCEPTION_ACCESS_VIOLATION (0xc0000005) at pc=0x0266db01, pid=9800, tid=0x00001b7c
#
# JRE version: Java(TM) SE Runtime Environment (8.0_181-b13) (build 1.8.0_181-b13)
# Java VM: Java HotSpot(TM) Client VM (25.181-b13 mixed mode windows-x86 )
# Problematic frame:
# j  Scripts.Location.RSWorld.switchToRandomFreeWorld()V+64
#
# Failed to write core dump. Minidumps are not enabled by default on client versions of Windows
#
# If you would like to submit a bug report, please visit:
#   http://bugreport.java.com/bugreport/crash.jsp
#

---------------  T H R E A D  ---------------

Current thread (0x29ecbc00):  JavaThread "Thread-27" daemon [_thread_in_Java, id=7036, stack(0x2f6e0000,0x2f8e0000)]

siginfo: ExceptionCode=0xc0000005, reading address 0x277092e0

Registers:
EAX=0x11338a08, EBX=0x000000b6, ECX=0x2763f208, EDX=0x00032834
ESP=0x2f8df864, EBP=0x2f8df888, ESI=0x2763f040, EDI=0x2f8df890
EIP=0x0266db01, EFLAGS=0x00010202

Top of Stack: (sp=0x2f8df864)
0x2f8df864:   11338a08 2f8df868 2763f040 2f8df890
0x2f8df874:   2763f208 2f8df898 2763f070 00000000
0x2f8df884:   2f8df890 2f8df8bc 026548d4 121db098
0x2f8df894:   026548d4 136c97a0 2f8df89c 2763b284
0x2f8df8a4:   2f8df8dc 2763b5e0 00000000 2763b438
0x2f8df8b4:   2f8df898 2f8df8dc 2f8df900 026548d4
0x2f8df8c4:   129b9620 10dbb5b0 10dbb5a0 10dbb590
0x2f8df8d4:   00000032 0000014a 1283ded0 2f8df8e0 

Instructions: (pc=0x0266db01)
0x0266dae1:   e9 0e 00 00 00 52 50 e9 07 00 00 00 50 e9 01 00
0x0266daf1:   00 00 50 89 75 e4 0f b7 56 01 8b 4d ec c1 e2 02
0x0266db01:   8b 5c 91 08 c1 eb 18 81 e3 ff 00 00 00 81 fb b6
0x0266db11:   00 00 00 0f 84 e6 00 00 00 bb b6 00 00 00 e8 05 


Register to memory mapping:

EAX=0x11338a08 is an oop
org.powerbot.script.rt4.World 
 - klass: 'org/powerbot/script/rt4/World'
EBX=0x000000b6 is an unknown value
ECX=0x2763f208 is pointing into metadata
EDX=0x00032834 is an unknown value
ESP=0x2f8df864 is pointing into the stack for thread: 0x29ecbc00
EBP=0x2f8df888 is pointing into the stack for thread: 0x29ecbc00
ESI=0x2763f040 is pointing into metadata
EDI=0x2f8df890 is pointing into the stack for thread: 0x29ecbc00


Stack: [0x2f6e0000,0x2f8e0000],  sp=0x2f8df864,  free space=2046k
Native frames: (J=compiled Java code, j=interpreted, Vv=VM code, C=native code)
j  Scripts.Location.RSWorld.switchToRandomFreeWorld()V+64
j  Scripts.Planners.PlannerMoneyMethods.buyMindRunesVarrock()V+140
j  Scripts.Jobs.TaskTemplate.execute()V+4
j  Scripts.Jobs.JobTemplate.poll()V+37
J 2398 C1 org.powerbot.script.PollingScript$6.run()V (147 bytes) @ 0x02a745c8 [0x02a74520+0xa8]
j  java.util.concurrent.ThreadPoolExecutor.runWorker(Ljava/util/concurrent/ThreadPoolExecutor$Worker;)V+95
j  java.util.concurrent.ThreadPoolExecutor$Worker.run()V+5
j  java.lang.Thread.run()V+11
v  ~StubRoutines::call_stub
V  [jvm.dll+0x15c065]
V  [jvm.dll+0x223ade]
V  [jvm.dll+0x15c0fe]
V  [jvm.dll+0x15c286]
V  [jvm.dll+0x15c2f7]
V  [jvm.dll+0x10016f]
V  [jvm.dll+0x17f280]
V  [jvm.dll+0x17fafa]
V  [jvm.dll+0x1c5416]
C  [msvcr100.dll+0x5c556]
C  [msvcr100.dll+0x5c600]
C  [KERNEL32.DLL+0x18484]
C  [ntdll.dll+0x6305a]
C  [ntdll.dll+0x6302a]
C  0x00000000


---------------  P R O C E S S  ---------------

Java Threads: ( => current thread )
  0x29ec8c00 JavaThread "Thread-102" daemon [_thread_in_vm, id=1704, stack(0x2fce0000,0x2fee0000)]
  0x29ecb000 JavaThread "Timer-16" daemon [_thread_blocked, id=2444, stack(0x2f8e0000,0x2fae0000)]
  0x29ec7800 JavaThread "ForkJoinPool.commonPool-worker-3" daemon [_thread_blocked, id=13172, stack(0x2f2e0000,0x2f4e0000)]
  0x29ec8400 JavaThread "Thread-99" daemon [_thread_in_vm, id=1756, stack(0x2fae0000,0x2fce0000)]
  0x29ece400 JavaThread "Thread-74" daemon [_thread_blocked, id=1420, stack(0x2c520000,0x2c720000)]
  0x29ecd800 JavaThread "Thread-73" daemon [_thread_in_native, id=9112, stack(0x2b420000,0x2b620000)]
=>0x29ecbc00 JavaThread "Thread-27" daemon [_thread_in_Java, id=7036, stack(0x2f6e0000,0x2f8e0000)]
  0x29ecc400 JavaThread "Thread-19" daemon [_thread_blocked, id=11168, stack(0x2e9e0000,0x2ebe0000)]
  0x29ec7400 JavaThread "pool-3-thread-1" [_thread_blocked, id=11152, stack(0x2e710000,0x2e910000)]
  0x29ecdc00 JavaThread "Java Sound Event Dispatcher" daemon [_thread_blocked, id=8656, stack(0x2e1b0000,0x2e3b0000)]
  0x29eccc00 JavaThread "Thread-16" daemon [_thread_blocked, id=1352, stack(0x2dc30000,0x2de30000)]
  0x29ecd000 JavaThread "Thread-14" [_thread_blocked, id=12740, stack(0x2d0b0000,0x2d2b0000)]
  0x29ece800 JavaThread "Thread-13" daemon [_thread_blocked, id=4396, stack(0x2ceb0000,0x2d0b0000)]
  0x29ecb800 JavaThread "DestroyJavaVM" [_thread_blocked, id=4656, stack(0x022d0000,0x024d0000)]
  0x297f1c00 JavaThread "Thread-12" daemon [_thread_blocked, id=1372, stack(0x2ccb0000,0x2ceb0000)]
  0x297f4c00 JavaThread "Thread-11" daemon [_thread_blocked, id=12568, stack(0x2c720000,0x2c920000)]
  0x297f5400 JavaThread "Thread-9" [_thread_blocked, id=11844, stack(0x2c960000,0x2cb60000)]
  0x297f2000 JavaThread "SwingWorker-pool-2-thread-2" daemon [_thread_blocked, id=7564, stack(0x2be20000,0x2c020000)]
  0x297f4800 JavaThread "TimerQueue" daemon [_thread_blocked, id=8132, stack(0x2c220000,0x2c420000)]
  0x297f2800 JavaThread "SwingWorker-pool-2-thread-1" daemon [_thread_blocked, id=9240, stack(0x2c020000,0x2c220000)]
  0x297f4000 JavaThread "Thread-7" [_thread_blocked, id=7676, stack(0x2b820000,0x2ba20000)]
  0x297f3800 JavaThread "Thread-6" daemon [_thread_blocked, id=4940, stack(0x28650000,0x28850000)]
  0x27026800 JavaThread "Thread-5" daemon [_thread_blocked, id=4916, stack(0x2b0d0000,0x2b2d0000)]
  0x27205800 JavaThread "Timer-0" daemon [_thread_blocked, id=3036, stack(0x28280000,0x28480000)]
  0x27041800 JavaThread "Service Thread" daemon [_thread_blocked, id=2324, stack(0x28920000,0x28b20000)]
  0x27041400 JavaThread "C1 CompilerThread0" daemon [_thread_blocked, id=7356, stack(0x28890000,0x288e0000)]
  0x26f8b400 JavaThread "AWT-EventQueue-0" [_thread_blocked, id=688, stack(0x27f40000,0x28140000)]
  0x26f86800 JavaThread "AWT-Windows" daemon [_thread_in_native, id=2384, stack(0x27bd0000,0x27dd0000)]
  0x26fdb400 JavaThread "AWT-Shutdown" [_thread_blocked, id=3536, stack(0x27990000,0x27b90000)]
  0x26f74400 JavaThread "Java2D Disposer" daemon [_thread_blocked, id=3336, stack(0x27750000,0x27950000)]
  0x25a87000 JavaThread "JDWP Command Reader" daemon [_thread_in_native, id=1652, stack(0x26ce0000,0x26ee0000)]
  0x25a80c00 JavaThread "JDWP Event Helper Thread" daemon [_thread_blocked, id=1504, stack(0x26aa0000,0x26ca0000)]
  0x25a7b000 JavaThread "JDWP Transport Listener: dt_socket" daemon [_thread_blocked, id=12244, stack(0x26860000,0x26a60000)]
  0x25a70400 JavaThread "Attach Listener" daemon [_thread_blocked, id=5892, stack(0x26620000,0x26820000)]
  0x25a6f400 JavaThread "Signal Dispatcher" daemon [_thread_blocked, id=532, stack(0x263e0000,0x265e0000)]
  0x25a67800 JavaThread "Surrogate Locker Thread (Concurrent GC)" daemon [_thread_blocked, id=11204, stack(0x261a0000,0x263a0000)]
  0x25a66000 JavaThread "Finalizer" daemon [_thread_blocked, id=11200, stack(0x25e70000,0x26070000)]
  0x25a4f800 JavaThread "Reference Handler" daemon [_thread_blocked, id=10104, stack(0x25c30000,0x25e30000)]

Other Threads:
  0x25a4ac00 VMThread [stack: 0x25ba0000,0x25bf0000] [id=12812]
  0x2703f800 WatcherThread [stack: 0x28b60000,0x28bb0000] [id=13260]

VM state:synchronizing (normal execution)

VM Mutex/Monitor currently owned by a thread:  ([mutex/lock_event])
[0x0028cdc8] Safepoint_lock - owner thread: 0x25a4ac00
[0x0028cbc0] Threads_lock - owner thread: 0x25a4ac00

Heap:
 par new generation   total 157248K, used 44732K [0x04800000, 0x0f2a0000, 0x0f2a0000)
  eden space 139776K,  30% used [0x04800000, 0x071874a0, 0x0d080000)
  from space 17472K,  12% used [0x0d080000, 0x0d2a7bc0, 0x0e190000)
  to   space 17472K,   0% used [0x0e190000, 0x0e190000, 0x0f2a0000)
 concurrent mark-sweep generation total 349568K, used 144044K [0x0f2a0000, 0x24800000, 0x24800000)
 Metaspace       used 21616K, capacity 23355K, committed 23424K, reserved 23936K

Card table byte_map: [0x24800000,0x24910000] byte_map_base: 0x247dc000

Marking Bits: (CMSBitMap*) 0x025434b8
 Bits: [0x249c0000, 0x2546b000)

Mod Union Table: (CMSBitMap*) 0x02543518
 Bits: [0x00330000, 0x00345560)

Polling page: 0x00240000

CodeCache: size=32768Kb used=8627Kb max_used=10222Kb free=24140Kb
 bounds [0x02650000, 0x030b0000, 0x04650000]
 total_blobs=1841 nmethods=1579 adapters=201
 compilation: enabled

Compilation events (10 events):
Event: 1564.522 Thread 0x27041400 19175             java.util.concurrent.locks.AbstractQueuedSynchronizer$ConditionObject::signal (33 bytes)
Event: 1564.523 Thread 0x27041400 nmethod 19175 0x02b41c08 code [0x02b41d30, 0x02b41e74]
Event: 1564.603 Thread 0x27041400 19176             java.util.concurrent.locks.AbstractQueuedSynchronizer$ConditionObject::doSignal (43 bytes)
Event: 1564.603 Thread 0x27041400 nmethod 19176 0x0294dc48 code [0x0294dd50, 0x0294de6c]
Event: 1564.671 Thread 0x27041400 19177             lz::du (262 bytes)
Event: 1564.671 Thread 0x27041400 nmethod 19177 0x02748ac8 code [0x02748bf0, 0x02748e20]
Event: 1565.365 Thread 0x27041400 19178             sun.util.locale.LocaleUtils::toLowerString (95 bytes)
Event: 1565.366 Thread 0x27041400 nmethod 19178 0x02741ac8 code [0x02741c20, 0x02742084]
Event: 1565.403 Thread 0x27041400 19179   !         ch::ao (100 bytes)
Event: 1565.404 Thread 0x27041400 nmethod 19179 0x02780c48 code [0x02780de0, 0x027813f8]

GC Heap History (10 events):
Event: 1558.950 GC heap before
{Heap before GC invocations=4039 (full 33):
 par new generation   total 157248K, used 142523K [0x04800000, 0x0f2a0000, 0x0f2a0000)
  eden space 139776K, 100% used [0x04800000, 0x0d080000, 0x0d080000)
  from space 17472K,  15% used [0x0e190000, 0x0e43ec08, 0x0f2a0000)
  to   space 17472K,   0% used [0x0d080000, 0x0d080000, 0x0e190000)
 concurrent mark-sweep generation total 349568K, used 143153K [0x0f2a0000, 0x24800000, 0x24800000)
 Metaspace       used 21616K, capacity 23355K, committed 23424K, reserved 23936K
Event: 1558.954 GC heap after
Heap after GC invocations=4040 (full 33):
 par new generation   total 157248K, used 2734K [0x04800000, 0x0f2a0000, 0x0f2a0000)
  eden space 139776K,   0% used [0x04800000, 0x04800000, 0x0d080000)
  from space 17472K,  15% used [0x0d080000, 0x0d32ba40, 0x0e190000)
  to   space 17472K,   0% used [0x0e190000, 0x0e190000, 0x0f2a0000)
 concurrent mark-sweep generation total 349568K, used 143154K [0x0f2a0000, 0x24800000, 0x24800000)
 Metaspace       used 21616K, capacity 23355K, committed 23424K, reserved 23936K
}
Event: 1558.954 GC heap before
{Heap before GC invocations=4040 (full 33):
 par new generation   total 157248K, used 4190K [0x04800000, 0x0f2a0000, 0x0f2a0000)
  eden space 139776K,   1% used [0x04800000, 0x0496c158, 0x0d080000)
  from space 17472K,  15% used [0x0d080000, 0x0d32ba40, 0x0e190000)
  to   space 17472K,   0% used [0x0e190000, 0x0e190000, 0x0f2a0000)
 concurrent mark-sweep generation total 349568K, used 143154K [0x0f2a0000, 0x24800000, 0x24800000)
 Metaspace       used 21616K, capacity 23355K, committed 23424K, reserved 23936K
Event: 1558.956 GC heap after
Heap after GC invocations=4041 (full 33):
 par new generation   total 157248K, used 2843K [0x04800000, 0x0f2a0000, 0x0f2a0000)
  eden space 139776K,   0% used [0x04800000, 0x04800000, 0x0d080000)
  from space 17472K,  16% used [0x0e190000, 0x0e456e68, 0x0f2a0000)
  to   space 17472K,   0% used [0x0d080000, 0x0d080000, 0x0e190000)
 concurrent mark-sweep generation total 349568K, used 143160K [0x0f2a0000, 0x24800000, 0x24800000)
 Metaspace       used 21616K, capacity 23355K, committed 23424K, reserved 23936K
}
Event: 1561.062 GC heap before
{Heap before GC invocations=4041 (full 33):
 par new generation   total 157248K, used 142619K [0x04800000, 0x0f2a0000, 0x0f2a0000)
  eden space 139776K, 100% used [0x04800000, 0x0d080000, 0x0d080000)
  from space 17472K,  16% used [0x0e190000, 0x0e456e68, 0x0f2a0000)
  to   space 17472K,   0% used [0x0d080000, 0x0d080000, 0x0e190000)
 concurrent mark-sweep generation total 349568K, used 143160K [0x0f2a0000, 0x24800000, 0x24800000)
 Metaspace       used 21616K, capacity 23355K, committed 23424K, reserved 23936K
Event: 1561.064 GC heap after
Heap after GC invocations=4042 (full 33):
 par new generation   total 157248K, used 2670K [0x04800000, 0x0f2a0000, 0x0f2a0000)
  eden space 139776K,   0% used [0x04800000, 0x04800000, 0x0d080000)
  from space 17472K,  15% used [0x0d080000, 0x0d31b940, 0x0e190000)
  to   space 17472K,   0% used [0x0e190000, 0x0e190000, 0x0f2a0000)
 concurrent mark-sweep generation total 349568K, used 143163K [0x0f2a0000, 0x24800000, 0x24800000)
 Metaspace       used 21616K, capacity 23355K, committed 23424K, reserved 23936K
}
Event: 1561.205 GC heap before
{Heap before GC invocations=4042 (full 33):
 par new generation   total 157248K, used 142446K [0x04800000, 0x0f2a0000, 0x0f2a0000)
  eden space 139776K, 100% used [0x04800000, 0x0d080000, 0x0d080000)
  from space 17472K,  15% used [0x0d080000, 0x0d31b940, 0x0e190000)
  to   space 17472K,   0% used [0x0e190000, 0x0e190000, 0x0f2a0000)
 concurrent mark-sweep generation total 349568K, used 143163K [0x0f2a0000, 0x24800000, 0x24800000)
 Metaspace       used 21616K, capacity 23355K, committed 23424K, reserved 23936K
Event: 1561.207 GC heap after
Heap after GC invocations=4043 (full 33):
 par new generation   total 157248K, used 2952K [0x04800000, 0x0f2a0000, 0x0f2a0000)
  eden space 139776K,   0% used [0x04800000, 0x04800000, 0x0d080000)
  from space 17472K,  16% used [0x0e190000, 0x0e472218, 0x0f2a0000)
  to   space 17472K,   0% used [0x0d080000, 0x0d080000, 0x0e190000)
 concurrent mark-sweep generation total 349568K, used 143193K [0x0f2a0000, 0x24800000, 0x24800000)
 Metaspace       used 21616K, capacity 23355K, committed 23424K, reserved 23936K
}
Event: 1564.354 GC heap before
{Heap before GC invocations=4043 (full 33):
 par new generation   total 157248K, used 142010K [0x04800000, 0x0f2a0000, 0x0f2a0000)
  eden space 139776K,  99% used [0x04800000, 0x0cfcc818, 0x0d080000)
  from space 17472K,  16% used [0x0e190000, 0x0e472218, 0x0f2a0000)
  to   space 17472K,   0% used [0x0d080000, 0x0d080000, 0x0e190000)
 concurrent mark-sweep generation total 349568K, used 143193K [0x0f2a0000, 0x24800000, 0x24800000)
 Metaspace       used 21616K, capacity 23355K, committed 23424K, reserved 23936K
Event: 1564.357 GC heap after
Heap after GC invocations=4044 (full 33):
 par new generation   total 157248K, used 2206K [0x04800000, 0x0f2a0000, 0x0f2a0000)
  eden space 139776K,   0% used [0x04800000, 0x04800000, 0x0d080000)
  from space 17472K,  12% used [0x0d080000, 0x0d2a7bc0, 0x0e190000)
  to   space 17472K,   0% used [0x0e190000, 0x0e190000, 0x0f2a0000)
 concurrent mark-sweep generation total 349568K, used 144044K [0x0f2a0000, 0x24800000, 0x24800000)
 Metaspace       used 21616K, capacity 23355K, committed 23424K, reserved 23936K
}

Deoptimization events (0 events):
No events

Classes redefined (10 events):
Event: 1551.535 Thread 0x25a4ac00 redefined class name=Scripts.Location.RSWorld, count=6
Event: 1551.595 Thread 0x25a4ac00 redefined class name=Scripts.Location.RSWorld, count=5
Event: 1551.627 Thread 0x25a4ac00 redefined class name=Scripts.Location.RSWorld, count=4
Event: 1551.654 Thread 0x25a4ac00 redefined class name=Scripts.Location.RSWorld, count=3
Event: 1551.734 Thread 0x25a4ac00 redefined class name=Scripts.Location.RSWorld, count=2
Event: 1551.793 Thread 0x25a4ac00 redefined class name=Scripts.Location.RSWorld, count=2
Event: 1551.891 Thread 0x25a4ac00 redefined class name=Scripts.Location.RSWorld, count=2
Event: 1551.946 Thread 0x25a4ac00 redefined class name=Scripts.Location.RSWorld, count=2
Event: 1552.045 Thread 0x25a4ac00 redefined class name=Scripts.Location.RSWorld, count=2
Event: 1552.088 Thread 0x25a4ac00 redefined class name=Scripts.Location.RSWorld, count=1

Internal exceptions (10 events):
Event: 1557.328 Thread 0x29ec8c00 Exception <a 'java/io/FileNotFoundException'> (0x06232458) thrown at [C:\workspace\8-2-build-windows-i586-cygwin\jdk8u181\11358\hotspot\src\share\vm\prims\jni.cpp, line 709]
Event: 1557.328 Thread 0x29ec8c00 Exception <a 'java/io/FileNotFoundException'> (0x0623bbe0) thrown at [C:\workspace\8-2-build-windows-i586-cygwin\jdk8u181\11358\hotspot\src\share\vm\prims\jni.cpp, line 709]
Event: 1557.329 Thread 0x29ec8c00 Exception <a 'java/io/FileNotFoundException'> (0x06245190) thrown at [C:\workspace\8-2-build-windows-i586-cygwin\jdk8u181\11358\hotspot\src\share\vm\prims\jni.cpp, line 709]
Event: 1557.332 Thread 0x29ec8c00 Exception <a 'java/io/FileNotFoundException'> (0x062c3e10) thrown at [C:\workspace\8-2-build-windows-i586-cygwin\jdk8u181\11358\hotspot\src\share\vm\prims\jni.cpp, line 709]
Event: 1557.336 Thread 0x29ec8c00 Exception <a 'java/io/FileNotFoundException'> (0x0642ef30) thrown at [C:\workspace\8-2-build-windows-i586-cygwin\jdk8u181\11358\hotspot\src\share\vm\prims\jni.cpp, line 709]
Event: 1557.337 Thread 0x29ec8c00 Exception <a 'java/io/FileNotFoundException'> (0x064436a0) thrown at [C:\workspace\8-2-build-windows-i586-cygwin\jdk8u181\11358\hotspot\src\share\vm\prims\jni.cpp, line 709]
Event: 1558.698 Thread 0x29ec8c00 Exception <a 'java/io/FileNotFoundException'> (0x06818218) thrown at [C:\workspace\8-2-build-windows-i586-cygwin\jdk8u181\11358\hotspot\src\share\vm\prims\jni.cpp, line 709]
Event: 1559.004 Thread 0x29ec8c00 Exception <a 'java/io/FileNotFoundException'> (0x06ceaf80) thrown at [C:\workspace\8-2-build-windows-i586-cygwin\jdk8u181\11358\hotspot\src\share\vm\prims\jni.cpp, line 709]
Event: 1561.231 Thread 0x29ec8c00 Exception <a 'java/io/FileNotFoundException'> (0x05e0c780) thrown at [C:\workspace\8-2-build-windows-i586-cygwin\jdk8u181\11358\hotspot\src\share\vm\prims\jni.cpp, line 709]
Event: 1561.232 Thread 0x29ec8c00 Exception <a 'java/io/FileNotFoundException'> (0x05e15f10) thrown at [C:\workspace\8-2-build-windows-i586-cygwin\jdk8u181\11358\hotspot\src\share\vm\prims\jni.cpp, line 709]

Events (10 events):
Event: 1565.366 Thread 0x27041400 flushing nmethod 0x027644c8
Event: 1565.366 Thread 0x27041400 flushing nmethod 0x0277ac48
Event: 1565.367 Thread 0x27041400 flushing nmethod 0x027d32c8
Event: 1565.367 Thread 0x27041400 flushing nmethod 0x02806608
Event: 1565.404 Thread 0x27041400 flushing nmethod 0x0283ac88
Event: 1565.404 Thread 0x27041400 flushing nmethod 0x02985448
Event: 1565.454 Executing VM operation: ChangeBreakpoints
Event: 1565.455 Executing VM operation: ChangeBreakpoints done
Event: 1565.466 Executing VM operation: ChangeBreakpoints
Event: 1565.467 Executing VM operation: ChangeBreakpoints done


Dynamic libraries:
0x00e80000 - 0x00eb3000 	C:\Program Files (x86)\Java\jre1.8.0_181\bin\java.exe
0x775c0000 - 0x77750000 	C:\WINDOWS\SYSTEM32\ntdll.dll
0x751c0000 - 0x752a0000 	C:\WINDOWS\System32\KERNEL32.DLL
0x772e0000 - 0x774c4000 	C:\WINDOWS\System32\KERNELBASE.dll
0x61710000 - 0x617ad000 	C:\WINDOWS\SYSTEM32\apphelp.dll
0x759e0000 - 0x75a58000 	C:\WINDOWS\System32\ADVAPI32.dll
0x749b0000 - 0x74a6f000 	C:\WINDOWS\System32\msvcrt.dll
0x74d30000 - 0x74d74000 	C:\WINDOWS\System32\sechost.dll
0x75920000 - 0x759e0000 	C:\WINDOWS\System32\RPCRT4.dll
0x73e80000 - 0x73ea0000 	C:\WINDOWS\System32\SspiCli.dll
0x73e70000 - 0x73e7a000 	C:\WINDOWS\System32\CRYPTBASE.dll
0x73fc0000 - 0x74018000 	C:\WINDOWS\System32\bcryptPrimitives.dll
0x75570000 - 0x756fd000 	C:\WINDOWS\System32\USER32.dll
0x772c0000 - 0x772d7000 	C:\WINDOWS\System32\win32u.dll
0x745e0000 - 0x74602000 	C:\WINDOWS\System32\GDI32.dll
0x74790000 - 0x748f4000 	C:\WINDOWS\System32\gdi32full.dll
0x74680000 - 0x746fd000 	C:\WINDOWS\System32\msvcp_win.dll
0x73ea0000 - 0x73fbe000 	C:\WINDOWS\System32\ucrtbase.dll
0x70610000 - 0x70814000 	C:\WINDOWS\WinSxS\x86_microsoft.windows.common-controls_6595b64144ccf1df_6.0.17134.285_none_42efceba44e1907b\COMCTL32.dll
0x752a0000 - 0x754fc000 	C:\WINDOWS\System32\combase.dll
0x74cb0000 - 0x74cd6000 	C:\WINDOWS\System32\IMM32.DLL
0x61100000 - 0x611bf000 	C:\Program Files (x86)\Java\jre1.8.0_181\bin\msvcr100.dll
0x60d20000 - 0x610f3000 	C:\Program Files (x86)\Java\jre1.8.0_181\bin\client\jvm.dll
0x75700000 - 0x75706000 	C:\WINDOWS\System32\PSAPI.DLL
0x73d80000 - 0x73da4000 	C:\WINDOWS\SYSTEM32\WINMM.dll
0x70fb0000 - 0x70fb8000 	C:\WINDOWS\SYSTEM32\WSOCK32.dll
0x73670000 - 0x73678000 	C:\WINDOWS\SYSTEM32\VERSION.dll
0x757b0000 - 0x75817000 	C:\WINDOWS\System32\WS2_32.dll
0x73d50000 - 0x73d73000 	C:\WINDOWS\SYSTEM32\WINMMBASE.dll
0x77280000 - 0x772b9000 	C:\WINDOWS\System32\cfgmgr32.dll
0x60d10000 - 0x60d1c000 	C:\Program Files (x86)\Java\jre1.8.0_181\bin\verify.dll
0x60ce0000 - 0x60d02000 	C:\Program Files (x86)\Java\jre1.8.0_181\bin\java.dll
0x60cb0000 - 0x60cdb000 	C:\Program Files (x86)\Java\jre1.8.0_181\bin\jdwp.dll
0x60ca0000 - 0x60ca7000 	C:\Program Files (x86)\Java\jre1.8.0_181\bin\npt.dll
0x60c80000 - 0x60ca0000 	C:\Program Files (x86)\Java\jre1.8.0_181\bin\instrument.dll
0x60c60000 - 0x60c74000 	C:\Program Files (x86)\Java\jre1.8.0_181\bin\zip.dll
0x75d10000 - 0x7705a000 	C:\WINDOWS\System32\SHELL32.dll
0x74bc0000 - 0x74c48000 	C:\WINDOWS\System32\shcore.dll
0x74020000 - 0x745da000 	C:\WINDOWS\System32\windows.storage.dll
0x74ce0000 - 0x74d25000 	C:\WINDOWS\System32\shlwapi.dll
0x77270000 - 0x7727f000 	C:\WINDOWS\System32\kernel.appcore.dll
0x74990000 - 0x749a8000 	C:\WINDOWS\System32\profapi.dll
0x77220000 - 0x77265000 	C:\WINDOWS\System32\powrprof.dll
0x75560000 - 0x75568000 	C:\WINDOWS\System32\FLTLIB.DLL
0x60c50000 - 0x60c58000 	C:\Program Files (x86)\Java\jre1.8.0_181\bin\dt_socket.dll
0x72c80000 - 0x72cd6000 	C:\WINDOWS\system32\mswsock.dll
0x60c30000 - 0x60c45000 	C:\Program Files (x86)\Java\jre1.8.0_181\bin\net.dll
0x73a90000 - 0x73ac0000 	C:\WINDOWS\SYSTEM32\IPHLPAPI.DLL
0x75b40000 - 0x75b47000 	C:\WINDOWS\System32\NSI.dll
0x72b90000 - 0x72ba3000 	C:\WINDOWS\SYSTEM32\dhcpcsvc6.DLL
0x72bb0000 - 0x72bc4000 	C:\WINDOWS\SYSTEM32\dhcpcsvc.DLL
0x60ae0000 - 0x60c27000 	C:\Program Files (x86)\Java\jre1.8.0_181\bin\awt.dll
0x75710000 - 0x757a6000 	C:\WINDOWS\System32\OLEAUT32.dll
0x73cd0000 - 0x73d4c000 	C:\WINDOWS\system32\uxtheme.dll
0x74a70000 - 0x74bb4000 	C:\WINDOWS\System32\MSCTF.dll
0x73ca0000 - 0x73cc3000 	C:\WINDOWS\system32\dwmapi.dll
0x75820000 - 0x7591c000 	C:\WINDOWS\System32\ole32.dll
0x60ad0000 - 0x60adf000 	C:\Program Files (x86)\Java\jre1.8.0_181\bin\nio.dll
0x60ab0000 - 0x60ad0000 	C:\Program Files (x86)\Java\jre1.8.0_181\bin\sunec.dll
0x609d0000 - 0x60aa9000 	C:\WINDOWS\system32\opengl32.dll
0x60990000 - 0x609cf000 	C:\WINDOWS\SYSTEM32\GLU32.dll
0x60950000 - 0x60989000 	C:\Program Files (x86)\Java\jre1.8.0_181\bin\fontmanager.dll
0x60910000 - 0x60942000 	C:\Program Files (x86)\Java\jre1.8.0_181\bin\t2k.dll
0x60890000 - 0x6090d000 	C:\WINDOWS\System32\TextInputFramework.dll
0x60800000 - 0x6088b000 	C:\WINDOWS\System32\CoreMessaging.dll
0x605a0000 - 0x607fd000 	C:\WINDOWS\System32\CoreUIComponents.dll
0x72530000 - 0x72559000 	C:\WINDOWS\SYSTEM32\ntmarta.dll
0x72f60000 - 0x73036000 	C:\WINDOWS\SYSTEM32\wintypes.dll
0x725c0000 - 0x7264e000 	C:\WINDOWS\SYSTEM32\DNSAPI.dll
0x725b0000 - 0x725b8000 	C:\Windows\System32\rasadhlp.dll
0x72560000 - 0x725af000 	C:\WINDOWS\System32\fwpuclnt.dll
0x72c10000 - 0x72c29000 	C:\WINDOWS\SYSTEM32\bcrypt.dll
0x60580000 - 0x60592000 	C:\Program Files (x86)\Java\jre1.8.0_181\bin\unpack.dll
0x72c60000 - 0x72c73000 	C:\WINDOWS\SYSTEM32\CRYPTSP.dll
0x72c30000 - 0x72c5f000 	C:\WINDOWS\system32\rsaenh.dll
0x73e40000 - 0x73e61000 	C:\WINDOWS\SYSTEM32\USERENV.dll
0x291f0000 - 0x29204000 	C:\.jagex_cache_32\browsercontrol.dll
0x60570000 - 0x60576000 	C:\Program Files (x86)\Java\jre1.8.0_181\bin\jawt.dll
0x60560000 - 0x6056a000 	C:\Program Files (x86)\Java\jre1.8.0_181\bin\jsound.dll
0x60550000 - 0x60559000 	C:\Program Files (x86)\Java\jre1.8.0_181\bin\jsoundds.dll
0x604c0000 - 0x60541000 	C:\WINDOWS\SYSTEM32\DSOUND.dll
0x73c40000 - 0x73c9c000 	C:\WINDOWS\SYSTEM32\MMDevAPI.DLL
0x73db0000 - 0x73dd2000 	C:\WINDOWS\SYSTEM32\DEVOBJ.dll
0x73ac0000 - 0x73c40000 	C:\WINDOWS\SYSTEM32\PROPSYS.dll
0x62ce0000 - 0x62d1b000 	C:\WINDOWS\SYSTEM32\wdmaud.drv
0x62cd0000 - 0x62cd7000 	C:\WINDOWS\SYSTEM32\ksuser.dll
0x72f50000 - 0x72f58000 	C:\WINDOWS\SYSTEM32\AVRT.dll
0x73490000 - 0x7358b000 	C:\WINDOWS\SYSTEM32\AUDIOSES.DLL
0x62cc0000 - 0x62cca000 	C:\WINDOWS\SYSTEM32\msacm32.drv
0x72ea0000 - 0x72eb9000 	C:\WINDOWS\SYSTEM32\MSACM32.dll
0x62cb0000 - 0x62cb8000 	C:\WINDOWS\SYSTEM32\midimap.dll
0x74900000 - 0x74983000 	C:\WINDOWS\System32\clbcatq.dll
0x603e0000 - 0x604b9000 	C:\Windows\System32\Windows.UI.dll
0x60380000 - 0x603da000 	C:\Windows\System32\InputHost.dll
0x60350000 - 0x60376000 	C:\Program Files (x86)\Java\jre1.8.0_181\bin\jpeg.dll
0x66b00000 - 0x66c71000 	C:\WINDOWS\SYSTEM32\WindowsCodecs.dll
0x64420000 - 0x6446f000 	C:\WINDOWS\system32\dataexchange.dll
0x642e0000 - 0x6441c000 	C:\WINDOWS\system32\dcomp.dll
0x64080000 - 0x642d2000 	C:\WINDOWS\system32\d3d11.dll
0x63fe0000 - 0x64078000 	C:\WINDOWS\system32\dxgi.dll
0x63e70000 - 0x63fd5000 	C:\WINDOWS\system32\twinapi.appcore.dll
0x64480000 - 0x6449a000 	C:\WINDOWS\system32\RMCLIENT.dll
0x60340000 - 0x6034a000 	C:\Program Files (x86)\Java\jre1.8.0_181\bin\management.dll
0x720d0000 - 0x72252000 	C:\WINDOWS\SYSTEM32\dbghelp.dll

VM Arguments:
jvm_args: -agentlib:jdwp=transport=dt_socket,address=127.0.0.1:50086,suspend=y,server=n -Djava.search.path=out -Dsun.java2d.nodraw=true -Dcom.jagex.config=http://oldschool.runescape.com/l=en/jav_config.ws -Xmx512m -Xss2m -XX:CompileThreshold=1500 -XX:+UseConcMarkSweepGC -XX:+UseParNewGC -javaagent:C:/dev/OldSchoolRS/RSBot-7080.jar -javaagent:C:\Users\djima\.IntelliJIdea2017.3\system\captureAgent\debugger-agent.jar=C:\Users\djima\AppData\Local\Temp\capture339.props -Dfile.encoding=windows-1252 
java_command: C:\dev\OldSchoolRS\jagexappletviewer.jar runescape
java_class_path (initial): C:\dev\OldSchoolRS\jagexappletviewer.jar;C:/dev/OldSchoolRS/RSBot-7080.jar;C:\Users\djima\.IntelliJIdea2017.3\system\captureAgent\debugger-agent.jar
Launcher Type: SUN_STANDARD

Environment Variables:
PATH=C:\Program Files (x86)\Common Files\Oracle\Java\javapath;C:\ProgramData\Oracle\Java\javapath;C:\Program Files (x86)\NVIDIA Corporation\PhysX\Common;C:\WINDOWS\system32;C:\WINDOWS;C:\WINDOWS\System32\Wbem;C:\WINDOWS\System32\WindowsPowerShell\v1.0\;C:\Program Files\Git\cmd;C:\Program Files (x86)\Windows Kits\8.1\Windows Performance Toolkit\;C:\Go\bin;C:\WINDOWS\system32\wbem;C:\Program Files (x86)\IVT Corporation\BlueSoleil\Mobile;C:\Program Files\PuTTY\;C:\Program Files\nodejs\;C:\Program Files (x86)\PuTTY\;C:\Program Files\TortoiseSVN\bin;C:\Program Files\Microsoft SQL Server\Client SDK\ODBC\130\Tools\Binn\;C:\Program Files (x86)\Microsoft SQL Server\130\Tools\Binn\;C:\Program Files\Microsoft SQL Server\130\Tools\Binn\;C:\Program Files\Microsoft SQL Server\130\DTS\Binn\;C:\Program Files (x86)\Microsoft SQL Server\Client SDK\ODBC\130\Tools\Binn\;C:\Program Files (x86)\Microsoft SQL Server\140\Tools\Binn\;C:\Program Files (x86)\Microsoft SQL Server\140\DTS\Binn\;C:\Program Files (x86)\Microsoft SQL Server\140\Tools\Binn\ManagementStudio\;C:\Program Files\dotnet\;C:\Program Files\MySQL\MySQL Utilities 1.6\;C:\WINDOWS\System32\OpenSSH\;C:\Users\djima\AppData\Local\Programs\Python\Python36-32\Scripts\;C:\Users\djima\AppData\Local\Programs\Python\Python36-32\;C:\Users\djima\.cargo\bin;C:\Users\djima\AppData\Local\Microsoft\WindowsApps;C:\Program Files\Docker Toolbox;C:\Users\djima\AppData\Roaming\npm;C:\Users\djima\AppData\Local\Programs\Fiddler;C:\dev\maven\apache-maven-3.5.2\bin;C:\Program Files\Java\jdk-9.0.4\bin;C:\Users\djima\AppData\Local\Microsoft\WindowsApps
USERNAME=djima
OS=Windows_NT
PROCESSOR_IDENTIFIER=Intel64 Family 6 Model 69 Stepping 1, GenuineIntel



---------------  S Y S T E M  ---------------

OS: Windows 10.0 , 64 bit Build 17134 (10.0.17134.1)

CPU:total 4 (initial active 4) (2 cores per cpu, 2 threads per core) family 6 model 69 stepping 1, cmov, cx8, fxsr, mmx, sse, sse2, sse3, ssse3, sse4.1, sse4.2, popcnt, avx, avx2, aes, clmul, erms, lzcnt, ht, tsc, tscinvbit, bmi1, bmi2

Memory: 4k page, physical 8269208k(3585896k free), swap 9579928k(3998700k free)

vm_info: Java HotSpot(TM) Client VM (25.181-b13) for windows-x86 JRE (1.8.0_181-b13), built on Jul  7 2018 03:18:20 by "java_re" with MS VC++ 10.0 (VS2010)

time: Thu Oct 11 15:49:51 2018
elapsed time: 1565 seconds (0d 0h 26m 5s)

